<?xml version="1.0" encoding="UTF-8"?>
<testng-results ignored="0" total="2" passed="2" failed="0" skipped="0">
  <reporter-output>
  </reporter-output>
  <suite started-at="2022-11-02T23:48:14 IST" name="TeamRCBValidation" finished-at="2022-11-02T23:48:14 IST" duration-ms="596">
    <groups>
    </groups>
    <test started-at="2022-11-02T23:48:14 IST" name="Testonchrome" finished-at="2022-11-02T23:48:14 IST" duration-ms="596">
      <class name="testpackage.ValidateTeamRCB">
        <test-method is-config="true" signature="readRCBTeam()[pri:0, instance:testpackage.ValidateTeamRCB@2638011]" started-at="2022-11-02T23:48:14 IST" name="readRCBTeam" finished-at="2022-11-02T23:48:14 IST" duration-ms="169" status="PASS">
          <reporter-output>
          </reporter-output>
        </test-method> <!-- readRCBTeam -->
        <test-method signature="validateTeamRCBForeignPlayers()[pri:0, instance:testpackage.ValidateTeamRCB@2638011]" started-at="2022-11-02T23:48:14 IST" name="validateTeamRCBForeignPlayers" finished-at="2022-11-02T23:48:14 IST" duration-ms="78" status="PASS">
          <reporter-output>
          </reporter-output>
        </test-method> <!-- validateTeamRCBForeignPlayers -->
        <test-method signature="validateTeamRCBWicketKeepers()[pri:0, instance:testpackage.ValidateTeamRCB@2638011]" started-at="2022-11-02T23:48:14 IST" name="validateTeamRCBWicketKeepers" finished-at="2022-11-02T23:48:14 IST" duration-ms="27" status="PASS">
          <reporter-output>
          </reporter-output>
        </test-method> <!-- validateTeamRCBWicketKeepers -->
      </class> <!-- testpackage.ValidateTeamRCB -->
    </test> <!-- Testonchrome -->
  </suite> <!-- TeamRCBValidation -->
</testng-results>
