<?xml version="1.0" encoding="UTF-8"?>
<testng-results ignored="0" total="1" passed="1" failed="0" skipped="0">
  <reporter-output>
  </reporter-output>
  <suite started-at="2022-10-29T17:14:00 IST" name="Default suite" finished-at="2022-10-29T17:14:00 IST" duration-ms="127">
    <groups>
    </groups>
    <test started-at="2022-10-29T17:14:00 IST" name="Default test" finished-at="2022-10-29T17:14:00 IST" duration-ms="127">
      <class name="testpackage.ValidateTeamRCB">
        <test-method signature="validateTeamRCB()[pri:0, instance:testpackage.ValidateTeamRCB@bef2d72]" started-at="2022-10-29T17:14:00 IST" name="validateTeamRCB" finished-at="2022-10-29T17:14:00 IST" duration-ms="42" status="PASS">
          <reporter-output>
          </reporter-output>
        </test-method> <!-- validateTeamRCB -->
      </class> <!-- testpackage.ValidateTeamRCB -->
    </test> <!-- Default test -->
  </suite> <!-- Default suite -->
</testng-results>
